app/build/intermediates/manifest_merge_blame_file/debug/processDebugMainManifest/manifest-merger-blame-debug-report.txt
1<?xml version="1.0" encoding="utf-8"?>
2<manifest xmlns:android="http://schemas.android.com/apk/res/android"
3    package="com.example.ads.helper.new_.demo"
4    android:versionCode="1"
5    android:versionName="1.0.0" >
6
7    <uses-sdk
8        android:minSdkVersion="23"
9        android:targetSdkVersion="34" />
10
11    <uses-feature
11-->src/main/AndroidManifest.xml:5:5-7:36
12        android:name="android.hardware.camera"
12-->src/main/AndroidManifest.xml:6:9-47
13        android:required="false" />
13-->src/main/AndroidManifest.xml:7:9-33
14    <uses-feature
14-->src/main/AndroidManifest.xml:8:5-10:36
15        android:name="android.hardware.camera.autofocus"
15-->src/main/AndroidManifest.xml:9:9-57
16        android:required="false" />
16-->src/main/AndroidManifest.xml:10:9-33
17
18    <uses-permission android:name="android.permission.CAMERA" />
18-->src/main/AndroidManifest.xml:12:5-65
18-->src/main/AndroidManifest.xml:12:22-62
19    <uses-permission android:name="android.permission.INTERNET" />
19-->src/main/AndroidManifest.xml:13:5-67
19-->src/main/AndroidManifest.xml:13:22-64
20    <uses-permission android:name="android.permission.RECORD_AUDIO" />
20-->src/main/AndroidManifest.xml:14:5-71
20-->src/main/AndroidManifest.xml:14:22-68
21    <uses-permission android:name="android.permission.WRITE_EXTERNAL_STORAGE" />
21-->src/main/AndroidManifest.xml:15:5-17:40
21-->src/main/AndroidManifest.xml:16:9-65
22    <uses-permission
22-->src/main/AndroidManifest.xml:18:5-20:38
23        android:name="android.permission.READ_EXTERNAL_STORAGE"
23-->src/main/AndroidManifest.xml:19:9-64
24        android:maxSdkVersion="32" />
24-->src/main/AndroidManifest.xml:20:9-35
25    <uses-permission android:name="android.permission.ACCESS_NETWORK_STATE" />
25-->[:adshelper] AndroidManifest.xml:9:5-79
25-->[:adshelper] AndroidManifest.xml:9:22-76
26    <uses-permission android:name="android.permission.CHANGE_NETWORK_STATE" />
26-->[:adshelper] AndroidManifest.xml:10:5-79
26-->[:adshelper] AndroidManifest.xml:10:22-76
27    <uses-permission android:name="com.google.android.gms.permission.AD_ID" />
27-->[:adshelper] AndroidManifest.xml:11:5-79
27-->[:adshelper] AndroidManifest.xml:11:22-76
28    <uses-permission android:name="com.android.vending.BILLING" />
28-->[com.android.billingclient:billing-ktx:7.0.0] AndroidManifest.xml:9:5-67
28-->[com.android.billingclient:billing-ktx:7.0.0] AndroidManifest.xml:9:22-64
29
30    <queries>
30-->[com.android.billingclient:billing:7.0.0] AndroidManifest.xml:12:5-16:15
31        <intent>
31-->[com.android.billingclient:billing:7.0.0] AndroidManifest.xml:13:9-15:18
32            <action android:name="com.android.vending.billing.InAppBillingService.BIND" />
32-->[com.android.billingclient:billing:7.0.0] AndroidManifest.xml:14:13-91
32-->[com.android.billingclient:billing:7.0.0] AndroidManifest.xml:14:21-88
33        </intent>
34        <!-- For browser content -->
35        <intent>
35-->[com.google.android.gms:play-services-ads-lite:23.3.0] AndroidManifest.xml:38:9-44:18
36            <action android:name="android.intent.action.VIEW" />
36-->[com.google.android.gms:play-services-ads-lite:23.3.0] AndroidManifest.xml:39:13-65
36-->[com.google.android.gms:play-services-ads-lite:23.3.0] AndroidManifest.xml:39:21-62
37
38            <category android:name="android.intent.category.BROWSABLE" />
38-->[com.google.android.gms:play-services-ads-lite:23.3.0] AndroidManifest.xml:41:13-74
38-->[com.google.android.gms:play-services-ads-lite:23.3.0] AndroidManifest.xml:41:23-71
39
40            <data android:scheme="https" />
40-->[com.google.android.gms:play-services-ads-lite:23.3.0] AndroidManifest.xml:43:13-44
40-->[com.google.android.gms:play-services-ads-lite:23.3.0] AndroidManifest.xml:43:19-41
41        </intent> <!-- End of browser content -->
42        <!-- For CustomTabsService -->
43        <intent>
43-->[com.google.android.gms:play-services-ads-lite:23.3.0] AndroidManifest.xml:47:9-49:18
44            <action android:name="android.support.customtabs.action.CustomTabsService" />
44-->[com.google.android.gms:play-services-ads-lite:23.3.0] AndroidManifest.xml:48:13-90
44-->[com.google.android.gms:play-services-ads-lite:23.3.0] AndroidManifest.xml:48:21-87
45        </intent>
46    </queries>
47
48    <uses-permission android:name="android.permission.ACCESS_ADSERVICES_AD_ID" />
48-->[com.google.android.gms:play-services-ads-lite:23.3.0] AndroidManifest.xml:27:5-82
48-->[com.google.android.gms:play-services-ads-lite:23.3.0] AndroidManifest.xml:27:22-79
49    <uses-permission android:name="android.permission.ACCESS_ADSERVICES_ATTRIBUTION" />
49-->[com.google.android.gms:play-services-ads-lite:23.3.0] AndroidManifest.xml:28:5-88
49-->[com.google.android.gms:play-services-ads-lite:23.3.0] AndroidManifest.xml:28:22-85
50    <uses-permission android:name="android.permission.ACCESS_ADSERVICES_TOPICS" />
50-->[com.google.android.gms:play-services-ads-lite:23.3.0] AndroidManifest.xml:29:5-83
50-->[com.google.android.gms:play-services-ads-lite:23.3.0] AndroidManifest.xml:29:22-80
51    <uses-permission android:name="android.permission.WAKE_LOCK" />
51-->[com.google.android.gms:play-services-measurement-sdk-api:20.1.2] AndroidManifest.xml:25:5-68
51-->[com.google.android.gms:play-services-measurement-sdk-api:20.1.2] AndroidManifest.xml:25:22-65
52    <uses-permission android:name="android.permission.FOREGROUND_SERVICE" />
52-->[androidx.work:work-runtime:2.7.0] AndroidManifest.xml:28:5-77
52-->[androidx.work:work-runtime:2.7.0] AndroidManifest.xml:28:22-74
53
54    <permission
54-->[androidx.core:core:1.13.1] AndroidManifest.xml:22:5-24:47
55        android:name="com.example.ads.helper.new_.demo.DYNAMIC_RECEIVER_NOT_EXPORTED_PERMISSION"
55-->[androidx.core:core:1.13.1] AndroidManifest.xml:23:9-81
56        android:protectionLevel="signature" />
56-->[androidx.core:core:1.13.1] AndroidManifest.xml:24:9-44
57
58    <uses-permission android:name="com.example.ads.helper.new_.demo.DYNAMIC_RECEIVER_NOT_EXPORTED_PERMISSION" />
58-->[androidx.core:core:1.13.1] AndroidManifest.xml:26:5-97
58-->[androidx.core:core:1.13.1] AndroidManifest.xml:26:22-94
59
60    <application
60-->src/main/AndroidManifest.xml:22:5-83:19
61        android:name="com.example.ads.helper.new_.demo.AppApplication"
61-->src/main/AndroidManifest.xml:23:9-39
62        android:allowBackup="true"
62-->src/main/AndroidManifest.xml:24:9-35
63        android:appComponentFactory="androidx.core.app.CoreComponentFactory"
63-->[androidx.core:core:1.13.1] AndroidManifest.xml:28:18-86
64        android:dataExtractionRules="@xml/data_extraction_rules"
64-->src/main/AndroidManifest.xml:25:9-65
65        android:debuggable="true"
66        android:enableOnBackInvokedCallback="true"
66-->[:adshelper] AndroidManifest.xml:14:9-51
67        android:extractNativeLibs="false"
68        android:fullBackupContent="@xml/backup_rules"
68-->src/main/AndroidManifest.xml:26:9-54
69        android:hardwareAccelerated="true"
69-->src/main/AndroidManifest.xml:27:9-43
70        android:icon="@mipmap/ic_launcher"
70-->src/main/AndroidManifest.xml:28:9-43
71        android:label="@string/app_name"
71-->src/main/AndroidManifest.xml:29:9-41
72        android:largeHeap="true"
72-->src/main/AndroidManifest.xml:30:9-33
73        android:requestLegacyExternalStorage="true"
73-->src/main/AndroidManifest.xml:31:9-52
74        android:roundIcon="@mipmap/ic_launcher_round"
74-->src/main/AndroidManifest.xml:32:9-54
75        android:screenOrientation="portrait"
75-->src/main/AndroidManifest.xml:33:9-45
76        android:supportsRtl="true"
76-->src/main/AndroidManifest.xml:34:9-35
77        android:theme="@style/Theme.AdsHelper20" >
77-->src/main/AndroidManifest.xml:35:9-49
78        <activity
78-->src/main/AndroidManifest.xml:38:9-41:51
79            android:name="com.example.ads.helper.new_.demo.activitys.ManageSubscriptionUiActivity"
79-->src/main/AndroidManifest.xml:39:13-67
80            android:exported="false"
80-->src/main/AndroidManifest.xml:40:13-37
81            android:screenOrientation="portrait" />
81-->src/main/AndroidManifest.xml:41:13-49
82        <activity
82-->src/main/AndroidManifest.xml:42:9-45:52
83            android:name="com.example.ads.helper.new_.demo.activitys.NativeAdsMediumActivity"
83-->src/main/AndroidManifest.xml:43:13-62
84            android:exported="false"
84-->src/main/AndroidManifest.xml:44:13-37
85            android:screenOrientation="portrait" />
85-->src/main/AndroidManifest.xml:45:13-49
86        <activity
86-->src/main/AndroidManifest.xml:46:9-49:52
87            android:name="com.example.ads.helper.new_.demo.activitys.NativeAdsBigActivity"
87-->src/main/AndroidManifest.xml:47:13-59
88            android:exported="false"
88-->src/main/AndroidManifest.xml:48:13-37
89            android:screenOrientation="portrait" />
89-->src/main/AndroidManifest.xml:49:13-49
90        <activity
90-->src/main/AndroidManifest.xml:50:9-53:52
91            android:name="com.example.ads.helper.new_.demo.activitys.CustomNativeAdsActivity"
91-->src/main/AndroidManifest.xml:51:13-62
92            android:exported="false"
92-->src/main/AndroidManifest.xml:52:13-37
93            android:screenOrientation="portrait" />
93-->src/main/AndroidManifest.xml:53:13-49
94        <activity
94-->src/main/AndroidManifest.xml:54:9-57:52
95            android:name="com.example.ads.helper.new_.demo.activitys.BannerUpdateActivity"
95-->src/main/AndroidManifest.xml:55:13-59
96            android:exported="false"
96-->src/main/AndroidManifest.xml:56:13-37
97            android:screenOrientation="portrait" />
97-->src/main/AndroidManifest.xml:57:13-49
98        <activity
98-->src/main/AndroidManifest.xml:58:9-61:52
99            android:name="com.example.ads.helper.new_.demo.activitys.BannerPortraitActivity"
99-->src/main/AndroidManifest.xml:59:13-61
100            android:exported="false"
100-->src/main/AndroidManifest.xml:60:13-37
101            android:screenOrientation="portrait" />
101-->src/main/AndroidManifest.xml:61:13-49
102        <activity
102-->src/main/AndroidManifest.xml:62:9-65:52
103            android:name="com.example.ads.helper.new_.demo.activitys.MainActivity"
103-->src/main/AndroidManifest.xml:63:13-51
104            android:exported="false"
104-->src/main/AndroidManifest.xml:64:13-37
105            android:screenOrientation="portrait" />
105-->src/main/AndroidManifest.xml:65:13-49
106        <activity
106-->src/main/AndroidManifest.xml:66:9-78:20
107            android:name="com.example.ads.helper.new_.demo.StartupActivity"
107-->src/main/AndroidManifest.xml:67:13-44
108            android:exported="true"
108-->src/main/AndroidManifest.xml:68:13-36
109            android:launchMode="singleTask"
109-->src/main/AndroidManifest.xml:69:13-44
110            android:screenOrientation="portrait"
110-->src/main/AndroidManifest.xml:70:13-49
111            android:theme="@style/splash_screen_theme"
111-->src/main/AndroidManifest.xml:71:13-55
112            android:windowSoftInputMode="adjustNothing" >
112-->src/main/AndroidManifest.xml:72:13-56
113            <intent-filter>
113-->src/main/AndroidManifest.xml:73:13-77:29
114                <action android:name="android.intent.action.MAIN" />
114-->src/main/AndroidManifest.xml:74:17-69
114-->src/main/AndroidManifest.xml:74:25-66
115
116                <category android:name="android.intent.category.LAUNCHER" />
116-->src/main/AndroidManifest.xml:76:17-77
116-->src/main/AndroidManifest.xml:76:27-74
117            </intent-filter>
118        </activity>
119
120        <meta-data
120-->src/main/AndroidManifest.xml:80:9-82:57
121            android:name="com.google.android.gms.ads.APPLICATION_ID"
121-->src/main/AndroidManifest.xml:81:13-69
122            android:value="@string/test_admob_app_id" />
122-->src/main/AndroidManifest.xml:82:13-54
123
124        <activity
124-->[com.github.AkshayHarsoda:AksPermission-Android:v1.1.0] AndroidManifest.xml:12:9-14:66
125            android:name="com.akshay.harsoda.permission.helper.activity.PermissionActivity"
125-->[com.github.AkshayHarsoda:AksPermission-Android:v1.1.0] AndroidManifest.xml:13:13-92
126            android:theme="@style/PermissionTheme.Transparent" />
126-->[com.github.AkshayHarsoda:AksPermission-Android:v1.1.0] AndroidManifest.xml:14:13-63
127        <activity
127-->[:adshelper] AndroidManifest.xml:18:9-22:45
128            android:name="com.example.app.ads.helper.purchase.activity.ViewAllPlansActivity"
128-->[:adshelper] AndroidManifest.xml:19:13-93
129            android:screenOrientation="portrait"
129-->[:adshelper] AndroidManifest.xml:20:13-49
130            android:theme="@style/theme_subscription_activity" />
130-->[:adshelper] AndroidManifest.xml:21:13-63
131        <activity
131-->[:adshelper] AndroidManifest.xml:23:9-28:45
132            android:name="com.example.app.ads.helper.purchase.activity.TimeLineActivity"
132-->[:adshelper] AndroidManifest.xml:24:13-89
133            android:exported="false"
133-->[:adshelper] AndroidManifest.xml:25:13-37
134            android:screenOrientation="portrait"
134-->[:adshelper] AndroidManifest.xml:26:13-49
135            android:theme="@style/theme_subscription_activity" />
135-->[:adshelper] AndroidManifest.xml:27:13-63
136        <activity
136-->[:adshelper] AndroidManifest.xml:29:9-37:72
137            android:name="com.example.app.ads.helper.activity.InterstitialNativeAdActivity"
137-->[:adshelper] AndroidManifest.xml:30:13-92
138            android:configChanges="keyboardHidden|orientation|screenSize"
138-->[:adshelper] AndroidManifest.xml:31:13-74
139            android:exported="true"
139-->[:adshelper] AndroidManifest.xml:32:13-36
140            android:hardwareAccelerated="true"
140-->[:adshelper] AndroidManifest.xml:33:13-47
141            android:largeHeap="true"
141-->[:adshelper] AndroidManifest.xml:34:13-37
142            android:screenOrientation="portrait"
142-->[:adshelper] AndroidManifest.xml:35:13-49
143            android:windowSoftInputMode="adjustNothing|stateAlwaysHidden" />
143-->[:adshelper] AndroidManifest.xml:36:13-74
144
145        <meta-data
145-->[:adshelper] AndroidManifest.xml:39:9-41:37
146            android:name="com.google.android.gms.ads.flag.NATIVE_AD_DEBUGGER_ENABLED"
146-->[:adshelper] AndroidManifest.xml:40:13-86
147            android:value="false" />
147-->[:adshelper] AndroidManifest.xml:41:13-34
148
149        <activity
149-->[com.revenuecat.purchases:purchases:8.4.0] AndroidManifest.xml:10:9-13:75
150            android:name="com.revenuecat.purchases.amazon.purchasing.ProxyAmazonBillingActivity"
150-->[com.revenuecat.purchases:purchases:8.4.0] AndroidManifest.xml:11:13-97
151            android:configChanges="keyboard|keyboardHidden|screenLayout|screenSize|orientation"
151-->[com.revenuecat.purchases:purchases:8.4.0] AndroidManifest.xml:12:13-96
152            android:theme="@android:style/Theme.Translucent.NoTitleBar" />
152-->[com.revenuecat.purchases:purchases:8.4.0] AndroidManifest.xml:13:13-72
153
154        <meta-data
154-->[com.android.billingclient:billing:7.0.0] AndroidManifest.xml:19:9-21:37
155            android:name="com.google.android.play.billingclient.version"
155-->[com.android.billingclient:billing:7.0.0] AndroidManifest.xml:20:13-73
156            android:value="7.0.0" />
156-->[com.android.billingclient:billing:7.0.0] AndroidManifest.xml:21:13-34
157
158        <activity
158-->[com.android.billingclient:billing:7.0.0] AndroidManifest.xml:23:9-27:75
159            android:name="com.android.billingclient.api.ProxyBillingActivity"
159-->[com.android.billingclient:billing:7.0.0] AndroidManifest.xml:24:13-78
160            android:configChanges="keyboard|keyboardHidden|screenLayout|screenSize|orientation"
160-->[com.android.billingclient:billing:7.0.0] AndroidManifest.xml:25:13-96
161            android:exported="false"
161-->[com.android.billingclient:billing:7.0.0] AndroidManifest.xml:26:13-37
162            android:theme="@android:style/Theme.Translucent.NoTitleBar" />
162-->[com.android.billingclient:billing:7.0.0] AndroidManifest.xml:27:13-72
163        <activity
163-->[com.android.billingclient:billing:7.0.0] AndroidManifest.xml:28:9-32:75
164            android:name="com.android.billingclient.api.ProxyBillingActivityV2"
164-->[com.android.billingclient:billing:7.0.0] AndroidManifest.xml:29:13-80
165            android:configChanges="keyboard|keyboardHidden|screenLayout|screenSize|orientation"
165-->[com.android.billingclient:billing:7.0.0] AndroidManifest.xml:30:13-96
166            android:exported="false"
166-->[com.android.billingclient:billing:7.0.0] AndroidManifest.xml:31:13-37
167            android:theme="@android:style/Theme.Translucent.NoTitleBar" /> <!-- Include the AdActivity and InAppPurchaseActivity configChanges and themes. -->
167-->[com.android.billingclient:billing:7.0.0] AndroidManifest.xml:32:13-72
168        <activity
168-->[com.google.android.gms:play-services-ads-lite:23.3.0] AndroidManifest.xml:56:9-61:43
169            android:name="com.google.android.gms.ads.AdActivity"
169-->[com.google.android.gms:play-services-ads-lite:23.3.0] AndroidManifest.xml:57:13-65
170            android:configChanges="keyboard|keyboardHidden|orientation|screenLayout|uiMode|screenSize|smallestScreenSize"
170-->[com.google.android.gms:play-services-ads-lite:23.3.0] AndroidManifest.xml:58:13-122
171            android:exported="false"
171-->[com.google.android.gms:play-services-ads-lite:23.3.0] AndroidManifest.xml:59:13-37
172            android:theme="@android:style/Theme.Translucent" />
172-->[com.google.android.gms:play-services-ads-lite:23.3.0] AndroidManifest.xml:60:13-61
173
174        <provider
174-->[com.google.android.gms:play-services-ads-lite:23.3.0] AndroidManifest.xml:63:9-68:43
175            android:name="com.google.android.gms.ads.MobileAdsInitProvider"
175-->[com.google.android.gms:play-services-ads-lite:23.3.0] AndroidManifest.xml:64:13-76
176            android:authorities="com.example.ads.helper.new_.demo.mobileadsinitprovider"
176-->[com.google.android.gms:play-services-ads-lite:23.3.0] AndroidManifest.xml:65:13-73
177            android:exported="false"
177-->[com.google.android.gms:play-services-ads-lite:23.3.0] AndroidManifest.xml:66:13-37
178            android:initOrder="100" />
178-->[com.google.android.gms:play-services-ads-lite:23.3.0] AndroidManifest.xml:67:13-36
179
180        <service
180-->[com.google.android.gms:play-services-ads-lite:23.3.0] AndroidManifest.xml:70:9-74:43
181            android:name="com.google.android.gms.ads.AdService"
181-->[com.google.android.gms:play-services-ads-lite:23.3.0] AndroidManifest.xml:71:13-64
182            android:enabled="true"
182-->[com.google.android.gms:play-services-ads-lite:23.3.0] AndroidManifest.xml:72:13-35
183            android:exported="false" />
183-->[com.google.android.gms:play-services-ads-lite:23.3.0] AndroidManifest.xml:73:13-37
184
185        <activity
185-->[com.google.android.gms:play-services-ads-lite:23.3.0] AndroidManifest.xml:76:9-80:43
186            android:name="com.google.android.gms.ads.OutOfContextTestingActivity"
186-->[com.google.android.gms:play-services-ads-lite:23.3.0] AndroidManifest.xml:77:13-82
187            android:configChanges="keyboard|keyboardHidden|orientation|screenLayout|uiMode|screenSize|smallestScreenSize"
187-->[com.google.android.gms:play-services-ads-lite:23.3.0] AndroidManifest.xml:78:13-122
188            android:exported="false" />
188-->[com.google.android.gms:play-services-ads-lite:23.3.0] AndroidManifest.xml:79:13-37
189        <activity
189-->[com.google.android.gms:play-services-ads-lite:23.3.0] AndroidManifest.xml:81:9-88:43
190            android:name="com.google.android.gms.ads.NotificationHandlerActivity"
190-->[com.google.android.gms:play-services-ads-lite:23.3.0] AndroidManifest.xml:82:13-82
191            android:excludeFromRecents="true"
191-->[com.google.android.gms:play-services-ads-lite:23.3.0] AndroidManifest.xml:83:13-46
192            android:exported="false"
192-->[com.google.android.gms:play-services-ads-lite:23.3.0] AndroidManifest.xml:84:13-37
193            android:launchMode="singleTask"
193-->[com.google.android.gms:play-services-ads-lite:23.3.0] AndroidManifest.xml:85:13-44
194            android:taskAffinity=""
194-->[com.google.android.gms:play-services-ads-lite:23.3.0] AndroidManifest.xml:86:13-36
195            android:theme="@android:style/Theme.Translucent.NoTitleBar" />
195-->[com.google.android.gms:play-services-ads-lite:23.3.0] AndroidManifest.xml:87:13-72
196
197        <property
197-->[com.google.android.gms:play-services-ads-lite:23.3.0] AndroidManifest.xml:90:9-92:62
198            android:name="android.adservices.AD_SERVICES_CONFIG"
198-->[com.google.android.gms:play-services-ads-lite:23.3.0] AndroidManifest.xml:91:13-65
199            android:resource="@xml/gma_ad_services_config" />
199-->[com.google.android.gms:play-services-ads-lite:23.3.0] AndroidManifest.xml:92:13-59
200
201        <activity
201-->[com.google.android.gms:play-services-base:18.3.0] AndroidManifest.xml:20:9-22:45
202            android:name="com.google.android.gms.common.api.GoogleApiActivity"
202-->[com.google.android.gms:play-services-base:18.3.0] AndroidManifest.xml:20:19-85
203            android:exported="false"
203-->[com.google.android.gms:play-services-base:18.3.0] AndroidManifest.xml:22:19-43
204            android:theme="@android:style/Theme.Translucent.NoTitleBar" />
204-->[com.google.android.gms:play-services-base:18.3.0] AndroidManifest.xml:21:19-78
205
206        <meta-data
206-->[com.google.android.gms:play-services-basement:18.4.0] AndroidManifest.xml:6:9-122
207            android:name="com.google.android.gms.version"
207-->[com.google.android.gms:play-services-basement:18.4.0] AndroidManifest.xml:6:20-65
208            android:value="@integer/google_play_services_version" />
208-->[com.google.android.gms:play-services-basement:18.4.0] AndroidManifest.xml:6:66-119
209
210        <provider
210-->[androidx.emoji2:emoji2:1.3.0] AndroidManifest.xml:24:9-32:20
211            android:name="androidx.startup.InitializationProvider"
211-->[androidx.emoji2:emoji2:1.3.0] AndroidManifest.xml:25:13-67
212            android:authorities="com.example.ads.helper.new_.demo.androidx-startup"
212-->[androidx.emoji2:emoji2:1.3.0] AndroidManifest.xml:26:13-68
213            android:exported="false" >
213-->[androidx.emoji2:emoji2:1.3.0] AndroidManifest.xml:27:13-37
214            <meta-data
214-->[androidx.emoji2:emoji2:1.3.0] AndroidManifest.xml:29:13-31:52
215                android:name="androidx.emoji2.text.EmojiCompatInitializer"
215-->[androidx.emoji2:emoji2:1.3.0] AndroidManifest.xml:30:17-75
216                android:value="androidx.startup" />
216-->[androidx.emoji2:emoji2:1.3.0] AndroidManifest.xml:31:17-49
217            <meta-data
217-->[androidx.work:work-runtime:2.7.0] AndroidManifest.xml:36:13-38:52
218                android:name="androidx.work.WorkManagerInitializer"
218-->[androidx.work:work-runtime:2.7.0] AndroidManifest.xml:37:17-68
219                android:value="androidx.startup" />
219-->[androidx.work:work-runtime:2.7.0] AndroidManifest.xml:38:17-49
220            <meta-data
220-->[androidx.lifecycle:lifecycle-process:2.6.2] AndroidManifest.xml:29:13-31:52
221                android:name="androidx.lifecycle.ProcessLifecycleInitializer"
221-->[androidx.lifecycle:lifecycle-process:2.6.2] AndroidManifest.xml:30:17-78
222                android:value="androidx.startup" />
222-->[androidx.lifecycle:lifecycle-process:2.6.2] AndroidManifest.xml:31:17-49
223            <meta-data
223-->[androidx.profileinstaller:profileinstaller:1.3.1] AndroidManifest.xml:29:13-31:52
224                android:name="androidx.profileinstaller.ProfileInstallerInitializer"
224-->[androidx.profileinstaller:profileinstaller:1.3.1] AndroidManifest.xml:30:17-85
225                android:value="androidx.startup" />
225-->[androidx.profileinstaller:profileinstaller:1.3.1] AndroidManifest.xml:31:17-49
226        </provider>
227
228        <service
228-->[androidx.work:work-runtime:2.7.0] AndroidManifest.xml:41:9-46:35
229            android:name="androidx.work.impl.background.systemalarm.SystemAlarmService"
229-->[androidx.work:work-runtime:2.7.0] AndroidManifest.xml:42:13-88
230            android:directBootAware="false"
230-->[androidx.work:work-runtime:2.7.0] AndroidManifest.xml:43:13-44
231            android:enabled="@bool/enable_system_alarm_service_default"
231-->[androidx.work:work-runtime:2.7.0] AndroidManifest.xml:44:13-72
232            android:exported="false" />
232-->[androidx.work:work-runtime:2.7.0] AndroidManifest.xml:45:13-37
233        <service
233-->[androidx.work:work-runtime:2.7.0] AndroidManifest.xml:47:9-53:35
234            android:name="androidx.work.impl.background.systemjob.SystemJobService"
234-->[androidx.work:work-runtime:2.7.0] AndroidManifest.xml:48:13-84
235            android:directBootAware="false"
235-->[androidx.work:work-runtime:2.7.0] AndroidManifest.xml:49:13-44
236            android:enabled="@bool/enable_system_job_service_default"
236-->[androidx.work:work-runtime:2.7.0] AndroidManifest.xml:50:13-70
237            android:exported="true"
237-->[androidx.work:work-runtime:2.7.0] AndroidManifest.xml:51:13-36
238            android:permission="android.permission.BIND_JOB_SERVICE" />
238-->[androidx.work:work-runtime:2.7.0] AndroidManifest.xml:52:13-69
239        <service
239-->[androidx.work:work-runtime:2.7.0] AndroidManifest.xml:54:9-59:35
240            android:name="androidx.work.impl.foreground.SystemForegroundService"
240-->[androidx.work:work-runtime:2.7.0] AndroidManifest.xml:55:13-81
241            android:directBootAware="false"
241-->[androidx.work:work-runtime:2.7.0] AndroidManifest.xml:56:13-44
242            android:enabled="@bool/enable_system_foreground_service_default"
242-->[androidx.work:work-runtime:2.7.0] AndroidManifest.xml:57:13-77
243            android:exported="false" />
243-->[androidx.work:work-runtime:2.7.0] AndroidManifest.xml:58:13-37
244
245        <receiver
245-->[androidx.work:work-runtime:2.7.0] AndroidManifest.xml:61:9-66:35
246            android:name="androidx.work.impl.utils.ForceStopRunnable$BroadcastReceiver"
246-->[androidx.work:work-runtime:2.7.0] AndroidManifest.xml:62:13-88
247            android:directBootAware="false"
247-->[androidx.work:work-runtime:2.7.0] AndroidManifest.xml:63:13-44
248            android:enabled="true"
248-->[androidx.work:work-runtime:2.7.0] AndroidManifest.xml:64:13-35
249            android:exported="false" />
249-->[androidx.work:work-runtime:2.7.0] AndroidManifest.xml:65:13-37
250        <receiver
250-->[androidx.work:work-runtime:2.7.0] AndroidManifest.xml:67:9-77:20
251            android:name="androidx.work.impl.background.systemalarm.ConstraintProxy$BatteryChargingProxy"
251-->[androidx.work:work-runtime:2.7.0] AndroidManifest.xml:68:13-106
252            android:directBootAware="false"
252-->[androidx.work:work-runtime:2.7.0] AndroidManifest.xml:69:13-44
253            android:enabled="false"
253-->[androidx.work:work-runtime:2.7.0] AndroidManifest.xml:70:13-36
254            android:exported="false" >
254-->[androidx.work:work-runtime:2.7.0] AndroidManifest.xml:71:13-37
255            <intent-filter>
255-->[androidx.work:work-runtime:2.7.0] AndroidManifest.xml:73:13-76:29
256                <action android:name="android.intent.action.ACTION_POWER_CONNECTED" />
256-->[androidx.work:work-runtime:2.7.0] AndroidManifest.xml:74:17-87
256-->[androidx.work:work-runtime:2.7.0] AndroidManifest.xml:74:25-84
257                <action android:name="android.intent.action.ACTION_POWER_DISCONNECTED" />
257-->[androidx.work:work-runtime:2.7.0] AndroidManifest.xml:75:17-90
257-->[androidx.work:work-runtime:2.7.0] AndroidManifest.xml:75:25-87
258            </intent-filter>
259        </receiver>
260        <receiver
260-->[androidx.work:work-runtime:2.7.0] AndroidManifest.xml:78:9-88:20
261            android:name="androidx.work.impl.background.systemalarm.ConstraintProxy$BatteryNotLowProxy"
261-->[androidx.work:work-runtime:2.7.0] AndroidManifest.xml:79:13-104
262            android:directBootAware="false"
262-->[androidx.work:work-runtime:2.7.0] AndroidManifest.xml:80:13-44
263            android:enabled="false"
263-->[androidx.work:work-runtime:2.7.0] AndroidManifest.xml:81:13-36
264            android:exported="false" >
264-->[androidx.work:work-runtime:2.7.0] AndroidManifest.xml:82:13-37
265            <intent-filter>
265-->[androidx.work:work-runtime:2.7.0] AndroidManifest.xml:84:13-87:29
266                <action android:name="android.intent.action.BATTERY_OKAY" />
266-->[androidx.work:work-runtime:2.7.0] AndroidManifest.xml:85:17-77
266-->[androidx.work:work-runtime:2.7.0] AndroidManifest.xml:85:25-74
267                <action android:name="android.intent.action.BATTERY_LOW" />
267-->[androidx.work:work-runtime:2.7.0] AndroidManifest.xml:86:17-76
267-->[androidx.work:work-runtime:2.7.0] AndroidManifest.xml:86:25-73
268            </intent-filter>
269        </receiver>
270        <receiver
270-->[androidx.work:work-runtime:2.7.0] AndroidManifest.xml:89:9-99:20
271            android:name="androidx.work.impl.background.systemalarm.ConstraintProxy$StorageNotLowProxy"
271-->[androidx.work:work-runtime:2.7.0] AndroidManifest.xml:90:13-104
272            android:directBootAware="false"
272-->[androidx.work:work-runtime:2.7.0] AndroidManifest.xml:91:13-44
273            android:enabled="false"
273-->[androidx.work:work-runtime:2.7.0] AndroidManifest.xml:92:13-36
274            android:exported="false" >
274-->[androidx.work:work-runtime:2.7.0] AndroidManifest.xml:93:13-37
275            <intent-filter>
275-->[androidx.work:work-runtime:2.7.0] AndroidManifest.xml:95:13-98:29
276                <action android:name="android.intent.action.DEVICE_STORAGE_LOW" />
276-->[androidx.work:work-runtime:2.7.0] AndroidManifest.xml:96:17-83